
******************************************************************************************
**********                               WARNING                                **********
**********       The names of excited state variables changed between 1.5       **********
**********     and 1.6. For a quick solution, remove the symmetry specifier     **********
**********   from the variable name. For full details, see 'Notes on Psivars'   **********
**********                        in the documentation.                         **********
******************************************************************************************



         ---------------------------------------------------------
                         TDSCF excitation energies                
                 by Andrew M. James and Daniel G. A. Smith        
         ---------------------------------------------------------

  ==> Options <==

     Residual threshold  : 1.0000e-04
     Initial guess       : denominators
     Reference           : RHF
     Solver type         : RPA (Hamiltonian)


  ==> Requested Excitations <==

      6 singlet states with A symmetry


  ==> Seeking the lowest 6 singlet states with A symmetry

                        Generalized Hamiltonian Solver                       
                              By Andrew M. James                             

  ==> Options <==

    Max number of iterations        = 60   
    Eigenvector tolerance           = 1.0000e-04
    Max number of expansion vectors = 1200 

  => Iterations <=
                              Max[D[value]]     Max[|R|]   # vectors
  HamiltonianSolver iter   1:   1.83780e-01  2.81703e-01     24      
  HamiltonianSolver iter   2:   2.29209e-02  7.53375e-02     36      
  HamiltonianSolver iter   3:   4.68650e-03  4.94507e-02     48      
  HamiltonianSolver iter   4:   1.63426e-03  3.64104e-02     60      
  HamiltonianSolver iter   5:   1.51366e-03  1.00732e-01     72      
  HamiltonianSolver iter   6:   4.13827e-03  5.15692e-02     84      
  HamiltonianSolver iter   7:   1.14062e-03  3.12615e-02     96      
  HamiltonianSolver iter   8:   3.20932e-04  1.32230e-02    108      
  HamiltonianSolver iter   9:   5.98879e-05  5.16428e-03    118      
  HamiltonianSolver iter  10:   8.42703e-06  2.02553e-03    126      
  HamiltonianSolver iter  11:   1.29988e-06  6.80444e-04    134      
  HamiltonianSolver iter  12:   1.37856e-07  2.38076e-04    136      
  HamiltonianSolver iter  13:   1.85304e-08  8.80928e-05    138      Converged

******************************************************************************************
**********                               WARNING                                **********
**********  Length-gauge rotatory strengths are **NOT** gauge-origin invariant  **********
******************************************************************************************

                                    Excitation Energy         Total Energy        Oscillator Strength             Rotatory Strength       
     #   Sym: GS->ES (Trans)        au              eV              au          au (length)    au (velocity)    au (length)    au (velocity) 
    ---- -------------------- --------------- --------------- --------------- --------------- --------------- --------------- ---------------
     1        A->A (1 A)       0.08087         2.20054        -3020.32350      2.5565          2.4949          0.0224          0.0093        
     2        A->A (1 A)       0.12964         3.52779        -3020.27473      0.0115          0.0110         -0.0154         -0.0074        
     3        A->A (1 A)       0.14566         3.96350        -3020.25872      0.0462          0.0452         -0.0333         -0.0392        
     4        A->A (1 A)       0.14718         4.00486        -3020.25720      0.0372          0.0362          0.0150          0.0154        
     5        A->A (1 A)       0.15471         4.20998        -3020.24966      0.0421          0.0417          0.0176         -0.0060        
     6        A->A (1 A)       0.16495         4.48862        -3020.23942      0.0510          0.0496          0.0645          0.0675        



Contributing excitations and de-excitations
Only contributions with coefficients > 1.00e-01 will be printed:

Excited State    1 (1 A):   0.08087 au   563.43 nm f = 2.5565
  Sums of squares: Xssq =  1.009533e+00; Yssq =  9.532946e-03; Xssq - Yssq =  1.000000e+00
    197 -> 201   -0.121933 ( 1.487%)
    199 -> 201   -0.137954 ( 1.903%)
    199 -> 203    0.101579 ( 1.032%)
    199 -> 204    0.143023 ( 2.046%)
    200 -> 201    0.934763 (87.378%)

Excited State    2 (1 A):   0.12964 au   351.45 nm f = 0.0115
  Sums of squares: Xssq =  1.014297e+00; Yssq =  1.429697e-02; Xssq - Yssq =  1.000000e+00
    190 -> 201   -0.168911 ( 2.853%)
    194 -> 201    0.112982 ( 1.276%)
    195 -> 201    0.110818 ( 1.228%)
    197 -> 201    0.183269 ( 3.359%)
    197 -> 202    0.111378 ( 1.241%)
    199 -> 201   -0.836846 (70.031%)
    199 -> 202   -0.107301 ( 1.151%)
    200 -> 201   -0.103208 ( 1.065%)
    200 -> 202    0.205649 ( 4.229%)
    200 -> 203   -0.203529 ( 4.142%)
    200 -> 204   -0.165078 ( 2.725%)

Excited State    3 (1 A):   0.14566 au   312.81 nm f = 0.0462
  Sums of squares: Xssq =  1.010532e+00; Yssq =  1.053158e-02; Xssq - Yssq =  1.000000e+00
    190 -> 202   -0.163432 ( 2.671%)
    194 -> 201   -0.134747 ( 1.816%)
    194 -> 202   -0.199990 ( 4.000%)
    194 -> 206    0.117086 ( 1.371%)
    195 -> 204    0.133443 ( 1.781%)
    195 -> 206    0.100174 ( 1.003%)
    197 -> 202   -0.299917 ( 8.995%)
    197 -> 203   -0.124818 ( 1.558%)
    197 -> 204   -0.119654 ( 1.432%)
    199 -> 201   -0.188022 ( 3.535%)
    199 -> 202    0.572998 (32.833%)
    199 -> 204    0.138828 ( 1.927%)
    200 -> 202   -0.510548 (26.066%)
    200 -> 203   -0.180500 ( 3.258%)

Excited State    4 (1 A):   0.14718 au   309.58 nm f = 0.0372
  Sums of squares: Xssq =  1.009310e+00; Yssq =  9.309596e-03; Xssq - Yssq =  1.000000e+00
    194 -> 203   -0.156556 ( 2.451%)
    195 -> 201    0.124205 ( 1.543%)
    195 -> 203    0.258965 ( 6.706%)
    195 -> 207   -0.100218 ( 1.004%)
    197 -> 204    0.140867 ( 1.984%)
    197 -> 206   -0.109721 ( 1.204%)
    197 -> 207   -0.180839 ( 3.270%)
    199 -> 201    0.170691 ( 2.914%)
    199 -> 203   -0.420159 (17.653%)
    199 -> 204    0.231698 ( 5.368%)
    199 -> 206   -0.138343 ( 1.914%)
    199 -> 207   -0.148886 ( 2.217%)
    200 -> 202    0.110462 ( 1.220%)
    200 -> 203   -0.587748 (34.545%)
    200 -> 204    0.281247 ( 7.910%)
    200 -> 207   -0.109566 ( 1.200%)

Excited State    5 (1 A):   0.15471 au   294.50 nm f = 0.0421
  Sums of squares: Xssq =  1.009576e+00; Yssq =  9.575993e-03; Xssq - Yssq =  1.000000e+00
    186 -> 201    0.102560 ( 1.052%)
    187 -> 201    0.130446 ( 1.702%)
    194 -> 201    0.126463 ( 1.599%)
    194 -> 202   -0.210484 ( 4.430%)
    195 -> 201   -0.257491 ( 6.630%)
    195 -> 202   -0.131528 ( 1.730%)
    195 -> 203    0.162210 ( 2.631%)
    197 -> 201    0.706230 (49.876%)
    197 -> 203    0.165160 ( 2.728%)
    197 -> 204   -0.112945 ( 1.276%)
    197 -> 206   -0.116024 ( 1.346%)
    199 -> 203    0.251620 ( 6.331%)
    199 -> 204    0.217297 ( 4.722%)
    200 -> 206   -0.146576 ( 2.148%)
    200 -> 207   -0.110070 ( 1.212%)

Excited State    6 (1 A):   0.16495 au   276.22 nm f = 0.0510
  Sums of squares: Xssq =  1.008515e+00; Yssq =  8.514739e-03; Xssq - Yssq =  1.000000e+00
    190 -> 201   -0.147157 ( 2.166%)
    190 -> 202    0.134161 ( 1.800%)
    194 -> 201    0.171807 ( 2.952%)
    194 -> 202    0.332589 (11.062%)
    195 -> 201    0.344613 (11.876%)
    195 -> 202    0.196018 ( 3.842%)
    195 -> 203    0.189371 ( 3.586%)
    195 -> 204   -0.117651 ( 1.384%)
    197 -> 201    0.137830 ( 1.900%)
    197 -> 202   -0.193165 ( 3.731%)
    197 -> 203    0.271648 ( 7.379%)
    197 -> 206    0.130733 ( 1.709%)
    197 -> 207   -0.128194 ( 1.643%)
    199 -> 201   -0.122122 ( 1.491%)
    199 -> 202    0.125337 ( 1.571%)
    199 -> 203    0.156536 ( 2.450%)
    199 -> 204   -0.172137 ( 2.963%)
    199 -> 206   -0.289337 ( 8.372%)
    199 -> 207   -0.156568 ( 2.451%)
    200 -> 202   -0.189653 ( 3.597%)
    200 -> 203    0.254964 ( 6.501%)
    200 -> 204    0.229351 ( 5.260%)
    200 -> 207   -0.194973 ( 3.801%)


******************************************************************************************
**********                               WARNING                                **********
**********       The names of excited state variables changed between 1.5       **********
**********     and 1.6. For a quick solution, remove the symmetry specifier     **********
**********   from the variable name. For full details, see 'Notes on Psivars'   **********
**********                        in the documentation.                         **********
******************************************************************************************


  Memory set to 186.265 GiB by Python driver.
  Threads set to 32 by Python driver.
