
Scratch directory: /tmp/

*** tstart() called on toko01.uncu.edu.ar
*** at Thu Jan  5 11:38:13 2023

   => Loading Basis Set <=

    Name: DEF2-SVPD
    Role: ORBITAL
    Keyword: BASIS
    atoms 1, 64-66, 99-100                                                                                                                                  entry O          line   149 file /home/simulaciones2018/msosa/miniconda3/envs/p4env/share/psi4/basis/def2-svpd.gbs 
    atoms 2, 63                                                                                                                                             entry S          line   381 file /home/simulaciones2018/msosa/miniconda3/envs/p4env/share/psi4/basis/def2-svpd.gbs 
    atoms 3, 5, 7, 9, 13-16, 18, 20, 22-24, 26, 29-30, 34-35, 37, 39, 41, 43, 45, 47, 49, 51, 54, 57, 60, 67-70, 74, 78-80, 82, 84, 86, 88, 90, 92          entry C          line   101 file /home/simulaciones2018/msosa/miniconda3/envs/p4env/share/psi4/basis/def2-svpd.gbs 
    atoms 4, 6, 8, 10-11, 17, 19, 21, 25, 27-28, 31-33, 36, 38, 40, 42, 44, 46, 48, 52-53, 55-56, 58-59, 61-62, 71-73, 75-77, 81, 83, 85, 87, 89, 91, 93-98 entry H          line    14 file /home/simulaciones2018/msosa/miniconda3/envs/p4env/share/psi4/basis/def2-svpd.gbs 
    atoms 12, 50                                                                                                                                            entry N          line   125 file /home/simulaciones2018/msosa/miniconda3/envs/p4env/share/psi4/basis/def2-svpd.gbs 


         ---------------------------------------------------------
                                   SCF
               by Justin Turney, Rob Parrish, Andy Simmonett
                          and Daniel G. A. Smith
                              RKS Reference
                       32 Threads, 190734 MiB Core
         ---------------------------------------------------------

  ==> Geometry <==

    Molecular point group: c1
    Full point group: C1

    Geometry (in Angstrom), charge = -1, multiplicity = 1:

       Center              X                  Y                   Z               Mass       
    ------------   -----------------  -----------------  -----------------  -----------------
         O           39.334880828857    38.050430297852    99.198951721191    15.994914619570
         S           38.006801605225    37.767284393311    98.819313049316    31.972071174400
         C           37.815689086914    37.457782745361    97.097320556641    12.000000000000
         H           36.744655609131    37.571979522705    96.790328979492     1.007825032230
         C           38.316341400146    36.054943084717    96.849395751953    12.000000000000
         H           39.289268493652    35.853527069092    97.387680053711     1.007825032230
         C           38.578998565674    35.872920989990    95.363372802734    12.000000000000
         H           39.399341583252    36.558834075928    95.030288696289     1.007825032230
         C           39.070316314697    34.454906463623    95.065399169922    12.000000000000
         H           39.945030212402    34.194091796875    95.731567382812     1.007825032230
         H           38.275188446045    33.709079742432    95.362808227539     1.007825032230
         N           39.475517272949    34.228549957275    93.691665649414    14.003074004430
         C           40.784095764160    34.532398223877    93.263259887695    12.000000000000
         C           40.962997436523    34.224525451660    91.898918151855    12.000000000000
         C           42.251201629639    34.417022705078    91.358779907227    12.000000000000
         C           42.608280181885    34.272983551025    89.981552124023    12.000000000000
         H           41.863327026367    33.948925018311    89.239898681641     1.007825032230
         C           43.856678009033    34.512203216553    89.444213867188    12.000000000000
         H           44.085144042969    34.302642822266    88.399238586426     1.007825032230
         C           44.845657348633    35.063751220703    90.301025390625    12.000000000000
         H           45.906982421875    35.178688049316    90.080787658691     1.007825032230
         C           44.544826507568    35.322105407715    91.622817993164    12.000000000000
         C           43.292884826660    34.950527191162    92.180519104004    12.000000000000
         C           43.068229675293    35.156906127930    93.567367553711    12.000000000000
         H           43.949584960938    35.316703796387    94.205871582031     1.007825032230
         C           41.810104370117    35.017189025879    94.116958618164    12.000000000000
         H           41.625869750977    35.318855285645    95.148056030273     1.007825032230
         H           45.289398193359    35.748638153076    92.311080932617     1.007825032230
         C           39.627834320068    33.716819763184    91.379173278809    12.000000000000
         C           39.156993865967    34.755565643311    90.374298095703    12.000000000000
         H           38.241943359375    34.414951324463    89.825592041016     1.007825032230
         H           39.030582427979    35.792709350586    90.777748107910     1.007825032230
         H           39.962013244629    34.889305114746    89.607170104980     1.007825032230
         C           38.699554443359    33.742034912109    92.632736206055    12.000000000000
         C           37.399555206299    33.373512268066    92.477798461914    12.000000000000
         H           37.193595886230    33.083530426025    91.436874389648     1.007825032230
         C           36.291069030762    33.279357910156    93.360336303711    12.000000000000
         H           36.402420043945    33.663074493408    94.395950317383     1.007825032230
         C           35.109672546387    32.692062377930    92.955490112305    12.000000000000
         H           35.105621337891    32.247882843018    91.960105895996     1.007825032230
         C           33.932399749756    32.590244293213    93.724807739258    12.000000000000
         H           34.032115936279    32.652175903320    94.838638305664     1.007825032230
         C           32.658683776855    32.251075744629    93.224014282227    12.000000000000
         H           32.471755981445    32.089416503906    92.162391662598     1.007825032230
         C           31.619117736816    32.085639953613    94.116439819336    12.000000000000
         H           31.887063980103    32.230640411377    95.183830261230     1.007825032230
         C           30.326866149902    31.652423858643    93.717712402344    12.000000000000
         H           30.194339752197    31.353971481323    92.667266845703     1.007825032230
         C           29.264717102051    31.439735412598    94.540168762207    12.000000000000
         N           29.016315460205    31.443473815918    95.918045043945    14.003074004430
         C           29.883655548096    31.848489761353    97.007247924805    12.000000000000
         H           30.420398712158    32.682559967041    96.465827941895     1.007825032230
         H           29.270467758179    32.335201263428    97.822120666504     1.007825032230
         C           30.695936203003    30.672876358032    97.554153442383    12.000000000000
         H           29.998573303223    29.864475250244    97.892654418945     1.007825032230
         H           31.425369262695    30.268642425537    96.806533813477     1.007825032230
         C           31.516315460205    31.208526611328    98.716239929199    12.000000000000
         H           30.749608993530    31.821487426758    99.276000976562     1.007825032230
         H           31.809188842773    30.334732055664    99.370155334473     1.007825032230
         C           32.649883270264    32.150718688965    98.388534545898    12.000000000000
         H           33.384140014648    31.612213134766    97.736419677734     1.007825032230
         H           32.311027526855    33.088375091553    97.878257751465     1.007825032230
         S           33.452964782715    32.660423278809    99.869369506836    31.972071174400
         O           33.970859527588    31.487100601196   100.455200195312    15.994914619570
         O           34.488250732422    33.594940185547    99.662094116211    15.994914619570
         O           32.603141784668    33.189189910889   100.862487792969    15.994914619570
         C           27.684692382812    31.076658248901    96.201828002930    12.000000000000
         C           27.013072967529    30.755384445190    95.004333496094    12.000000000000
         C           27.950632095337    30.988361358643    93.830749511719    12.000000000000
         C           28.200616836548    29.705789566040    93.054191589355    12.000000000000
         H           27.297353744507    29.086915969849    92.818542480469     1.007825032230
         H           28.757804870605    29.942844390869    92.111984252930     1.007825032230
         H           28.858356475830    29.016925811768    93.643486022949     1.007825032230
         C           27.455509185791    32.074787139893    92.889976501465    12.000000000000
         H           28.089138031006    32.258983612061    91.984985351562     1.007825032230
         H           26.438741683960    31.718690872192    92.583755493164     1.007825032230
         H           27.413713455200    33.039791107178    93.456939697266     1.007825032230
         C           25.662105560303    30.351421356201    95.007507324219    12.000000000000
         C           24.967670440674    30.314605712891    96.257080078125    12.000000000000
         C           25.623123168945    30.663501739502    97.467506408691    12.000000000000
         H           25.146545410156    30.574028015137    98.454879760742     1.007825032230
         C           26.944309234619    31.058523178101    97.413467407227    12.000000000000
         H           27.453308105469    31.342075347900    98.334693908691     1.007825032230
         C           23.596591949463    29.954669952393    96.341232299805    12.000000000000
         H           23.002929687500    29.955623626709    97.267288208008     1.007825032230
         C           22.961759567261    29.692432403564    95.144287109375    12.000000000000
         H           21.896848678589    29.460132598877    95.155059814453     1.007825032230
         C           23.594017028809    29.757034301758    93.874450683594    12.000000000000
         H           23.011470794678    29.553430557251    92.975959777832     1.007825032230
         C           24.947303771973    30.020458221436    93.813964843750    12.000000000000
         H           25.424442291260    29.930503845215    92.826911926270     1.007825032230
         C           39.822689056396    32.327262878418    90.794639587402    12.000000000000
         H           38.810672760010    31.937101364136    90.515380859375     1.007825032230
         H           40.249565124512    31.647470474243    91.575706481934     1.007825032230
         H           40.395767211914    32.407821655273    89.835746765137     1.007825032230
         H           37.676574707031    36.088623046875    94.736068725586     1.007825032230
         H           37.567024230957    35.280967712402    97.190544128418     1.007825032230
         H           38.383567810059    38.234756469727    96.524398803711     1.007825032230
         O           37.753452301025    36.643329620361    99.632110595703    15.994914619570
         O           37.163116455078    38.780952453613    99.318069458008    15.994914619570

  Running in c1 symmetry.

  Rotational constants: A =      0.00055  B =      0.00000  C =      0.00000 [cm^-1]
  Rotational constants: A =     16.53800  B =      0.05908  C =      0.05888 [MHz]
  Nuclear repulsion = 6871.357565159662045

  Charge       = -1
  Multiplicity = 1
  Electrons    = 400
  Nalpha       = 200
  Nbeta        = 200

  ==> Algorithm <==

  SCF Algorithm Type is DF.
  DIIS enabled.
  MOM disabled.
  Fractional occupation disabled.
  Guess Type is SAD.
  Energy threshold   = 1.00e-06
  Density threshold  = 1.00e-06
  Integral threshold = 1.00e-12

  ==> Primary Basis <==

  Basis Set: DEF2-SVPD
    Blend: DEF2-SVPD
    Number of shells: 624
    Number of basis functions: 1468
    Number of Cartesian functions: 1574
    Spherical Harmonics?: true
    Max angular momentum: 2

  ==> DFT Potential <==

   => LibXC <=

    Version 5.1.5
    S. Lehtola, C. Steigemann, M. J. Oliveira, and M. A. Marques, SoftwareX 7, 1 (2018) (10.1016/j.softx.2017.11.002)

   => Composite Functional: LRC-WPBE <= 

    LRC-WPBE GGA Exchange-Correlation Functional

    M. A. Rohrdanz, K. M. Martins, and J. M. Herbert, J. Chem. Phys. 130, 054112 (2009) (10.1063/1.3073302)

    Deriv               =              1
    GGA                 =           TRUE
    Meta                =          FALSE

    Exchange Hybrid     =          FALSE
    MP2 Hybrid          =          FALSE

   => Exchange Functionals <=

    1.0000   HJS screened exchange PBE version [omega = 0.3000]

   => Exact (HF) Exchange <=

    1.0000            HF,LR [omega = 0.3000]

   => Correlation Functionals <=

    1.0000   Perdew, Burke & Ernzerhof

   => LibXC Density Thresholds  <==

    XC_HYB_GGA_XC_LRC_WPBE:  1.00E-15 

   => Molecular Quadrature <=

    Radial Scheme          =       TREUTLER
    Pruning Scheme         =           NONE
    Nuclear Scheme         =       TREUTLER

    Blocking Scheme        =         OCTREE
    BS radius alpha        =              1
    Pruning alpha          =              1
    Radial Points          =             75
    Spherical Points       =            302
    Total Points           =        2031611
    Total Blocks           =          13788
    Max Points             =            256
    Max Functions          =            689
    Weights Tolerance      =       1.00E-15

   => Loading Basis Set <=

    Name: (DEF2-SVPD AUX)
    Role: JKFIT
    Keyword: DF_BASIS_SCF
    atoms 1, 64-66, 99-100                                                                                                                                  entry O          line   318 file /home/simulaciones2018/msosa/miniconda3/envs/p4env/share/psi4/basis/def2-universal-jkfit.gbs 
    atoms 2, 63                                                                                                                                             entry S          line   903 file /home/simulaciones2018/msosa/miniconda3/envs/p4env/share/psi4/basis/def2-universal-jkfit.gbs 
    atoms 3, 5, 7, 9, 13-16, 18, 20, 22-24, 26, 29-30, 34-35, 37, 39, 41, 43, 45, 47, 49, 51, 54, 57, 60, 67-70, 74, 78-80, 82, 84, 86, 88, 90, 92          entry C          line   198 file /home/simulaciones2018/msosa/miniconda3/envs/p4env/share/psi4/basis/def2-universal-jkfit.gbs 
    atoms 4, 6, 8, 10-11, 17, 19, 21, 25, 27-28, 31-33, 36, 38, 40, 42, 44, 46, 48, 52-53, 55-56, 58-59, 61-62, 71-73, 75-77, 81, 83, 85, 87, 89, 91, 93-98 entry H          line    18 file /home/simulaciones2018/msosa/miniconda3/envs/p4env/share/psi4/basis/def2-universal-jkfit.gbs 
    atoms 12, 50                                                                                                                                            entry N          line   258 file /home/simulaciones2018/msosa/miniconda3/envs/p4env/share/psi4/basis/def2-universal-jkfit.gbs 

  ==> Integral Setup <==

  DFHelper Memory: AOs need 121.292 GiB; user supplied 121.292 GiB. Using in-core AOs.

  ==> MemDFJK: Density-Fitted J/K Matrices <==

    J tasked:                   Yes
    K tasked:                    No
    wK tasked:                  Yes
    Omega:                3.000E-01
    OpenMP threads:              32
    Memory [MiB]:            124203
    Algorithm:                 Core
    Schwarz Cutoff:           1E-12
    Mask sparsity (%):      49.5320
    Fitting Condition:        1E-10

   => Auxiliary Basis Set <=

  Basis Set: (DEF2-SVPD AUX)
    Blend: DEF2-UNIVERSAL-JKFIT
    Number of shells: 1633
    Number of basis functions: 4943
    Number of Cartesian functions: 5821
    Spherical Harmonics?: true
    Max angular momentum: 4

  Cached 50.0% of DFT collocation blocks in 13.587 [GiB].

  Minimum eigenvalue in the overlap matrix is 4.2890231315E-06.
  Reciprocal condition number of the overlap matrix is 2.8232161631E-07.
    Using symmetric orthogonalization.

  ==> Pre-Iterations <==

  SCF Guess: Superposition of Atomic Densities via on-the-fly atomic UHF (no occupation information).

   -------------------------
    Irrep   Nso     Nmo    
   -------------------------
     A       1468    1468 
   -------------------------
    Total    1468    1468
   -------------------------

  ==> Iterations <==

                           Total Energy        Delta E     RMS |[F,P]|

   @DF-RKS iter SAD: -3021.06878468408831   -3.02107e+03   0.00000e+00 
   @DF-RKS iter   1: -3017.77565974417257    3.29312e+00   1.44640e-03 DIIS/ADIIS
   @DF-RKS iter   2: -3014.99097342008918    2.78469e+00   1.97692e-03 DIIS/ADIIS
   @DF-RKS iter   3: -3019.46213443495526   -4.47116e+00   6.10468e-04 DIIS/ADIIS
   @DF-RKS iter   4: -3019.84592203895136   -3.83788e-01   1.78041e-04 DIIS/ADIIS
   @DF-RKS iter   5: -3019.88300904759717   -3.70870e-02   9.15298e-05 DIIS
   @DF-RKS iter   6: -3019.89308467009369   -1.00756e-02   2.56320e-05 DIIS
   @DF-RKS iter   7: -3019.89409968000382   -1.01501e-03   1.04396e-05 DIIS
   @DF-RKS iter   8: -3019.89431311181033   -2.13432e-04   3.93269e-06 DIIS
   @DF-RKS iter   9: -3019.89437216062606   -5.90488e-05   2.28818e-06 DIIS
   @DF-RKS iter  10: -3019.89439737737621   -2.52168e-05   1.30680e-06 DIIS
   @DF-RKS iter  11: -3019.89440861783396   -1.12405e-05   5.66929e-07 DIIS
   @DF-RKS iter  12: -3019.89441173531623   -3.11748e-06   3.86202e-07 DIIS
   @DF-RKS iter  13: -3019.89441261227557   -8.76959e-07   1.43566e-07 DIIS
  Energy and wave function converged.


  ==> Post-Iterations <==

   Electrons on quadrature grid:
      Ntotal   =  399.9999088248 ; deviation = -9.118e-05 

    Orbital Energies [Eh]
    ---------------------

    Doubly Occupied:                                                      

       1A    -88.232662     2A    -88.212961     3A    -18.698791  
       4A    -18.696725     5A    -18.691106     6A    -18.680823  
       7A    -18.677947     8A    -18.662298     9A    -14.215619  
      10A    -14.206429    11A    -10.127784    12A    -10.121421  
      13A    -10.098676    14A    -10.091626    15A    -10.089996  
      16A    -10.089741    17A    -10.088224    18A    -10.086791  
      19A    -10.084752    20A    -10.081554    21A    -10.069922  
      22A    -10.067730    23A    -10.063089    24A    -10.062754  
      25A    -10.061355    26A    -10.059120    27A    -10.058425  
      28A    -10.057895    29A    -10.057327    30A    -10.056700  
      31A    -10.056186    32A    -10.055999    33A    -10.055858  
      34A    -10.055284    35A    -10.055223    36A    -10.053539  
      37A    -10.051149    38A    -10.050928    39A    -10.050879  
      40A    -10.050002    41A    -10.049939    42A    -10.049204  
      43A    -10.048589    44A    -10.048519    45A    -10.047882  
      46A    -10.044542    47A    -10.042953    48A    -10.025305  
      49A    -10.007756    50A     -9.988844    51A     -9.981456  
      52A     -9.974539    53A     -9.963490    54A     -7.840048  
      55A     -7.821003    56A     -5.863837    57A     -5.863778  
      58A     -5.863613    59A     -5.844836    60A     -5.844666  
      61A     -5.844401    62A     -1.062451    63A     -1.052730  
      64A     -1.049677    65A     -1.032634    66A     -0.953838  
      67A     -0.944341    68A     -0.927154    69A     -0.918782  
      70A     -0.912598    71A     -0.900320    72A     -0.892844  
      73A     -0.882067    74A     -0.877693    75A     -0.868772  
      76A     -0.860425    77A     -0.859489    78A     -0.852499  
      79A     -0.843091    80A     -0.840023    81A     -0.836972  
      82A     -0.830766    83A     -0.818159    84A     -0.812576  
      85A     -0.803995    86A     -0.800523    87A     -0.789410  
      88A     -0.778554    89A     -0.773070    90A     -0.769643  
      91A     -0.760023    92A     -0.742202    93A     -0.730300  
      94A     -0.718505    95A     -0.712751    96A     -0.698190  
      97A     -0.690846    98A     -0.685333    99A     -0.680989  
     100A     -0.674493   101A     -0.668511   102A     -0.653648  
     103A     -0.649401   104A     -0.637554   105A     -0.637069  
     106A     -0.623950   107A     -0.615818   108A     -0.605262  
     109A     -0.598639   110A     -0.597376   111A     -0.591692  
     112A     -0.587705   113A     -0.574323   114A     -0.567577  
     115A     -0.565963   116A     -0.561212   117A     -0.551718  
     118A     -0.549773   119A     -0.546360   120A     -0.539120  
     121A     -0.538513   122A     -0.536087   123A     -0.527948  
     124A     -0.526739   125A     -0.526007   126A     -0.518395  
     127A     -0.514202   128A     -0.511204   129A     -0.506760  
     130A     -0.504303   131A     -0.497963   132A     -0.495555  
     133A     -0.492139   134A     -0.490514   135A     -0.487948  
     136A     -0.485603   137A     -0.484335   138A     -0.481789  
     139A     -0.477509   140A     -0.475418   141A     -0.473954  
     142A     -0.471107   143A     -0.470152   144A     -0.465727  
     145A     -0.459149   146A     -0.455887   147A     -0.453723  
     148A     -0.451373   149A     -0.446945   150A     -0.440220  
     151A     -0.438313   152A     -0.435602   153A     -0.434680  
     154A     -0.429743   155A     -0.426183   156A     -0.425241  
     157A     -0.421428   158A     -0.418560   159A     -0.417108  
     160A     -0.413885   161A     -0.413398   162A     -0.412249  
     163A     -0.402336   164A     -0.401664   165A     -0.400809  
     166A     -0.398484   167A     -0.394332   168A     -0.390304  
     169A     -0.385856   170A     -0.380876   171A     -0.378121  
     172A     -0.367905   173A     -0.366081   174A     -0.362016  
     175A     -0.356496   176A     -0.355961   177A     -0.352689  
     178A     -0.347870   179A     -0.340945   180A     -0.336813  
     181A     -0.331643   182A     -0.331005   183A     -0.316940  
     184A     -0.311006   185A     -0.299143   186A     -0.285761  
     187A     -0.263590   188A     -0.256421   189A     -0.250889  
     190A     -0.238992   191A     -0.234333   192A     -0.231717  
     193A     -0.229443   194A     -0.219264   195A     -0.198803  
     196A     -0.193125   197A     -0.178821   198A     -0.163050  
     199A     -0.144751   200A     -0.119170  

    Virtual:                                                              

     201A     -0.042452   202A      0.030869   203A      0.040458  
     204A      0.051987   205A      0.074026   206A      0.082090  
     207A      0.097022   208A      0.102149   209A      0.103179  
     210A      0.112960   211A      0.114685   212A      0.121059  
     213A      0.123931   214A      0.126932   215A      0.129358  
     216A      0.132585   217A      0.133368   218A      0.136308  
     219A      0.138195   220A      0.139696   221A      0.143846  
     222A      0.146274   223A      0.149617   224A      0.150827  
     225A      0.153515   226A      0.157126   227A      0.157951  
     228A      0.163344   229A      0.166125   230A      0.167419  
     231A      0.170382   232A      0.175056   233A      0.175629  
     234A      0.177033   235A      0.179156   236A      0.181833  
     237A      0.187499   238A      0.187794   239A      0.191738  
     240A      0.194148   241A      0.197567   242A      0.198593  
     243A      0.204104   244A      0.204490   245A      0.206060  
     246A      0.208220   247A      0.210137   248A      0.212489  
     249A      0.214739   250A      0.217268   251A      0.218616  
     252A      0.220115   253A      0.224476   254A      0.224998  
     255A      0.228310   256A      0.229815   257A      0.231144  
     258A      0.232842   259A      0.233166   260A      0.236252  
     261A      0.238594   262A      0.239028   263A      0.241972  
     264A      0.242782   265A      0.243485   266A      0.244792  
     267A      0.246900   268A      0.249767   269A      0.252171  
     270A      0.253432   271A      0.255520   272A      0.257281  
     273A      0.258727   274A      0.260990   275A      0.262483  
     276A      0.264180   277A      0.264828   278A      0.268231  
     279A      0.268598   280A      0.270603   281A      0.272303  
     282A      0.273236   283A      0.274721   284A      0.275388  
     285A      0.276568   286A      0.278537   287A      0.282070  
     288A      0.284776   289A      0.285670   290A      0.286057  
     291A      0.289651   292A      0.290631   293A      0.294689  
     294A      0.296597   295A      0.298841   296A      0.299479  
     297A      0.300917   298A      0.301735   299A      0.302515  
     300A      0.307174   301A      0.308262   302A      0.309994  
     303A      0.310463   304A      0.311399   305A      0.311607  
     306A      0.314000   307A      0.316158   308A      0.316791  
     309A      0.318667   310A      0.320065   311A      0.322713  
     312A      0.324137   313A      0.325993   314A      0.327938  
     315A      0.329666   316A      0.330960   317A      0.332076  
     318A      0.333201   319A      0.334708   320A      0.335684  
     321A      0.337271   322A      0.339362   323A      0.340531  
     324A      0.342180   325A      0.344522   326A      0.345805  
     327A      0.346370   328A      0.348799   329A      0.349776  
     330A      0.351992   331A      0.354479   332A      0.355203  
     333A      0.357237   334A      0.358544   335A      0.359068  
     336A      0.360256   337A      0.362045   338A      0.362610  
     339A      0.364267   340A      0.365717   341A      0.368462  
     342A      0.368784   343A      0.370940   344A      0.371598  
     345A      0.373420   346A      0.374049   347A      0.375286  
     348A      0.376415   349A      0.378182   350A      0.380778  
     351A      0.382322   352A      0.384561   353A      0.385045  
     354A      0.386614   355A      0.387299   356A      0.389395  
     357A      0.390279   358A      0.392050   359A      0.393061  
     360A      0.394661   361A      0.395149   362A      0.396694  
     363A      0.397196   364A      0.399052   365A      0.399854  
     366A      0.401509   367A      0.402090   368A      0.403772  
     369A      0.405435   370A      0.407329   371A      0.409336  
     372A      0.410800   373A      0.411479   374A      0.411945  
     375A      0.413086   376A      0.414078   377A      0.416057  
     378A      0.416478   379A      0.417209   380A      0.418097  
     381A      0.420674   382A      0.421835   383A      0.423930  
     384A      0.424442   385A      0.425763   386A      0.427194  
     387A      0.428792   388A      0.429771   389A      0.431238  
     390A      0.432124   391A      0.432664   392A      0.433356  
     393A      0.435272   394A      0.435343   395A      0.436841  
     396A      0.438745   397A      0.440023   398A      0.440573  
     399A      0.441980   400A      0.442701   401A      0.443829  
     402A      0.446075   403A      0.447160   404A      0.449478  
     405A      0.450678   406A      0.451236   407A      0.451983  
     408A      0.452470   409A      0.453953   410A      0.455017  
     411A      0.455679   412A      0.456806   413A      0.459644  
     414A      0.461214   415A      0.462018   416A      0.462671  
     417A      0.464337   418A      0.465022   419A      0.465428  
     420A      0.466711   421A      0.468352   422A      0.470693  
     423A      0.471520   424A      0.472793   425A      0.473125  
     426A      0.475014   427A      0.476757   428A      0.477546  
     429A      0.479284   430A      0.479868   431A      0.481576  
     432A      0.482182   433A      0.483902   434A      0.484618  
     435A      0.486692   436A      0.487465   437A      0.488872  
     438A      0.489377   439A      0.490571   440A      0.492541  
     441A      0.494415   442A      0.494490   443A      0.495353  
     444A      0.497752   445A      0.499272   446A      0.500607  
     447A      0.501606   448A      0.502753   449A      0.504075  
     450A      0.505006   451A      0.506918   452A      0.508045  
     453A      0.509202   454A      0.510246   455A      0.511137  
     456A      0.512453   457A      0.514042   458A      0.515118  
     459A      0.515620   460A      0.517124   461A      0.518081  
     462A      0.519584   463A      0.521571   464A      0.523337  
     465A      0.524270   466A      0.525271   467A      0.526248  
     468A      0.527301   469A      0.528166   470A      0.530829  
     471A      0.532015   472A      0.533507   473A      0.534907  
     474A      0.536018   475A      0.537124   476A      0.539338  
     477A      0.540413   478A      0.541628   479A      0.543195  
     480A      0.544083   481A      0.544943   482A      0.546897  
     483A      0.547751   484A      0.549191   485A      0.549433  
     486A      0.551334   487A      0.553204   488A      0.554742  
     489A      0.555357   490A      0.556030   491A      0.557587  
     492A      0.559322   493A      0.559504   494A      0.561253  
     495A      0.563733   496A      0.564962   497A      0.566401  
     498A      0.567491   499A      0.569446   500A      0.570667  
     501A      0.574195   502A      0.575492   503A      0.576485  
     504A      0.576895   505A      0.578658   506A      0.580002  
     507A      0.581482   508A      0.582205   509A      0.583523  
     510A      0.585677   511A      0.587462   512A      0.588663  
     513A      0.589872   514A      0.591679   515A      0.592161  
     516A      0.593905   517A      0.596581   518A      0.597272  
     519A      0.598208   520A      0.599276   521A      0.601338  
     522A      0.601929   523A      0.602077   524A      0.604641  
     525A      0.605189   526A      0.606201   527A      0.606924  
     528A      0.607839   529A      0.610349   530A      0.610446  
     531A      0.611108   532A      0.614286   533A      0.616428  
     534A      0.617813   535A      0.618182   536A      0.619648  
     537A      0.621029   538A      0.621487   539A      0.622723  
     540A      0.623918   541A      0.625709   542A      0.630317  
     543A      0.631762   544A      0.632583   545A      0.633540  
     546A      0.635097   547A      0.637580   548A      0.638699  
     549A      0.639104   550A      0.640672   551A      0.643922  
     552A      0.645846   553A      0.647337   554A      0.649262  
     555A      0.651063   556A      0.652300   557A      0.653982  
     558A      0.655686   559A      0.656896   560A      0.658002  
     561A      0.659736   562A      0.660217   563A      0.661025  
     564A      0.663924   565A      0.664339   566A      0.667724  
     567A      0.668594   568A      0.669641   569A      0.670007  
     570A      0.670984   571A      0.673399   572A      0.673783  
     573A      0.675960   574A      0.677388   575A      0.680321  
     576A      0.680373   577A      0.681441   578A      0.683816  
     579A      0.684404   580A      0.686935   581A      0.689728  
     582A      0.691969   583A      0.692516   584A      0.693667  
     585A      0.696532   586A      0.697391   587A      0.699766  
     588A      0.701258   589A      0.703804   590A      0.704959  
     591A      0.706792   592A      0.708297   593A      0.710255  
     594A      0.711817   595A      0.712178   596A      0.713940  
     597A      0.717388   598A      0.717458   599A      0.717916  
     600A      0.719761   601A      0.721127   602A      0.723902  
     603A      0.724370   604A      0.726243   605A      0.728285  
     606A      0.729744   607A      0.731300   608A      0.731518  
     609A      0.733229   610A      0.733539   611A      0.736060  
     612A      0.737621   613A      0.739132   614A      0.742154  
     615A      0.742920   616A      0.744012   617A      0.745928  
     618A      0.747312   619A      0.748686   620A      0.751594  
     621A      0.752607   622A      0.755388   623A      0.756705  
     624A      0.760015   625A      0.760105   626A      0.761247  
     627A      0.763180   628A      0.763795   629A      0.764681  
     630A      0.766267   631A      0.768600   632A      0.770758  
     633A      0.772440   634A      0.773286   635A      0.774405  
     636A      0.776651   637A      0.778660   638A      0.779636  
     639A      0.782444   640A      0.783534   641A      0.786706  
     642A      0.788624   643A      0.790158   644A      0.791104  
     645A      0.792523   646A      0.793676   647A      0.795294  
     648A      0.797754   649A      0.799428   650A      0.801797  
     651A      0.802569   652A      0.805655   653A      0.806785  
     654A      0.807349   655A      0.809988   656A      0.812551  
     657A      0.813671   658A      0.816055   659A      0.817455  
     660A      0.820447   661A      0.821602   662A      0.821731  
     663A      0.823399   664A      0.825909   665A      0.828506  
     666A      0.829091   667A      0.831257   668A      0.832266  
     669A      0.833781   670A      0.835162   671A      0.836650  
     672A      0.839035   673A      0.840732   674A      0.841554  
     675A      0.843170   676A      0.845432   677A      0.848115  
     678A      0.849032   679A      0.850982   680A      0.852188  
     681A      0.855048   682A      0.856184   683A      0.857169  
     684A      0.861199   685A      0.863359   686A      0.864283  
     687A      0.864772   688A      0.867319   689A      0.869152  
     690A      0.871571   691A      0.872305   692A      0.873987  
     693A      0.875782   694A      0.876641   695A      0.878433  
     696A      0.879833   697A      0.881374   698A      0.882962  
     699A      0.885568   700A      0.887412   701A      0.887550  
     702A      0.889179   703A      0.891206   704A      0.895002  
     705A      0.896215   706A      0.897978   707A      0.900500  
     708A      0.903596   709A      0.905613   710A      0.906426  
     711A      0.907384   712A      0.909135   713A      0.912016  
     714A      0.913796   715A      0.916520   716A      0.917423  
     717A      0.920260   718A      0.920728   719A      0.922428  
     720A      0.925625   721A      0.927888   722A      0.929580  
     723A      0.932008   724A      0.934332   725A      0.935156  
     726A      0.937664   727A      0.940188   728A      0.942612  
     729A      0.943615   730A      0.945450   731A      0.947846  
     732A      0.949402   733A      0.952939   734A      0.954329  
     735A      0.957217   736A      0.959000   737A      0.960679  
     738A      0.961885   739A      0.964087   740A      0.966029  
     741A      0.967388   742A      0.970543   743A      0.972693  
     744A      0.974319   745A      0.977036   746A      0.978030  
     747A      0.980393   748A      0.983180   749A      0.985217  
     750A      0.985946   751A      0.989018   752A      0.990684  
     753A      0.994269   754A      0.995295   755A      0.997879  
     756A      0.998957   757A      1.000818   758A      1.002063  
     759A      1.003491   760A      1.005855   761A      1.007675  
     762A      1.010309   763A      1.011377   764A      1.012685  
     765A      1.015040   766A      1.017097   767A      1.019815  
     768A      1.022667   769A      1.024942   770A      1.026815  
     771A      1.028466   772A      1.031478   773A      1.031847  
     774A      1.033499   775A      1.038609   776A      1.041400  
     777A      1.044252   778A      1.047523   779A      1.048653  
     780A      1.050137   781A      1.052362   782A      1.054750  
     783A      1.057989   784A      1.059798   785A      1.062219  
     786A      1.063894   787A      1.066363   788A      1.067013  
     789A      1.068619   790A      1.072492   791A      1.073137  
     792A      1.074378   793A      1.078417   794A      1.079429  
     795A      1.082192   796A      1.083532   797A      1.084439  
     798A      1.086436   799A      1.089110   800A      1.090370  
     801A      1.091636   802A      1.094780   803A      1.097279  
     804A      1.099095   805A      1.099355   806A      1.102001  
     807A      1.104962   808A      1.108911   809A      1.111595  
     810A      1.113115   811A      1.115432   812A      1.115908  
     813A      1.118237   814A      1.121057   815A      1.123961  
     816A      1.125365   817A      1.126618   818A      1.132407  
     819A      1.133319   820A      1.135139   821A      1.138026  
     822A      1.139914   823A      1.142453   824A      1.145494  
     825A      1.147329   826A      1.149834   827A      1.152296  
     828A      1.153191   829A      1.156307   830A      1.157172  
     831A      1.159111   832A      1.161415   833A      1.163190  
     834A      1.169072   835A      1.171253   836A      1.174143  
     837A      1.175405   838A      1.177000   839A      1.179242  
     840A      1.180713   841A      1.183255   842A      1.185437  
     843A      1.189723   844A      1.191337   845A      1.193134  
     846A      1.196528   847A      1.199806   848A      1.201197  
     849A      1.204017   850A      1.207063   851A      1.209849  
     852A      1.210860   853A      1.213218   854A      1.217724  
     855A      1.220144   856A      1.220734   857A      1.223579  
     858A      1.226434   859A      1.228844   860A      1.231843  
     861A      1.234129   862A      1.235554   863A      1.236336  
     864A      1.237776   865A      1.240833   866A      1.243649  
     867A      1.244080   868A      1.247752   869A      1.250145  
     870A      1.252754   871A      1.255009   872A      1.256076  
     873A      1.258163   874A      1.259600   875A      1.260219  
     876A      1.267929   877A      1.270972   878A      1.273761  
     879A      1.275965   880A      1.278885   881A      1.280805  
     882A      1.283361   883A      1.287965   884A      1.288968  
     885A      1.291058   886A      1.294674   887A      1.297094  
     888A      1.298487   889A      1.303366   890A      1.307209  
     891A      1.307294   892A      1.309318   893A      1.311882  
     894A      1.313159   895A      1.316147   896A      1.319545  
     897A      1.323181   898A      1.324595   899A      1.326976  
     900A      1.328524   901A      1.330733   902A      1.332621  
     903A      1.335567   904A      1.338050   905A      1.341063  
     906A      1.342535   907A      1.343929   908A      1.345431  
     909A      1.348126   910A      1.353405   911A      1.358717  
     912A      1.359413   913A      1.361248   914A      1.363974  
     915A      1.369277   916A      1.369687   917A      1.375254  
     918A      1.376586   919A      1.380301   920A      1.383111  
     921A      1.384516   922A      1.387591   923A      1.389603  
     924A      1.391591   925A      1.395249   926A      1.399128  
     927A      1.400720   928A      1.402471   929A      1.406656  
     930A      1.410505   931A      1.411350   932A      1.414018  
     933A      1.415198   934A      1.419005   935A      1.422426  
     936A      1.428002   937A      1.431506   938A      1.437305  
     939A      1.440895   940A      1.443353   941A      1.444868  
     942A      1.446716   943A      1.449219   944A      1.453934  
     945A      1.456632   946A      1.461848   947A      1.466772  
     948A      1.469185   949A      1.470926   950A      1.474360  
     951A      1.479043   952A      1.480804   953A      1.486510  
     954A      1.488543   955A      1.490113   956A      1.492499  
     957A      1.499264   958A      1.500815   959A      1.504923  
     960A      1.506848   961A      1.513431   962A      1.514941  
     963A      1.517646   964A      1.518474   965A      1.524233  
     966A      1.525937   967A      1.528275   968A      1.532926  
     969A      1.533820   970A      1.540051   971A      1.541223  
     972A      1.542832   973A      1.548053   974A      1.549735  
     975A      1.551752   976A      1.552960   977A      1.560333  
     978A      1.562954   979A      1.568736   980A      1.570519  
     981A      1.575344   982A      1.578164   983A      1.581434  
     984A      1.585360   985A      1.586653   986A      1.587001  
     987A      1.592859   988A      1.594063   989A      1.597029  
     990A      1.601030   991A      1.603873   992A      1.605085  
     993A      1.606337   994A      1.611485   995A      1.617901  
     996A      1.622705   997A      1.623961   998A      1.625326  
     999A      1.629445  1000A      1.633727  1001A      1.637624  
    1002A      1.639049  1003A      1.640927  1004A      1.643650  
    1005A      1.645506  1006A      1.651235  1007A      1.653654  
    1008A      1.659307  1009A      1.663560  1010A      1.668599  
    1011A      1.669942  1012A      1.672189  1013A      1.676098  
    1014A      1.680772  1015A      1.681640  1016A      1.686857  
    1017A      1.690517  1018A      1.692927  1019A      1.695774  
    1020A      1.705760  1021A      1.706902  1022A      1.711867  
    1023A      1.714448  1024A      1.717976  1025A      1.720525  
    1026A      1.723868  1027A      1.725157  1028A      1.732672  
    1029A      1.735062  1030A      1.736080  1031A      1.738141  
    1032A      1.745616  1033A      1.746484  1034A      1.753193  
    1035A      1.756182  1036A      1.757656  1037A      1.762762  
    1038A      1.763980  1039A      1.772195  1040A      1.775656  
    1041A      1.776363  1042A      1.780258  1043A      1.783414  
    1044A      1.786563  1045A      1.788823  1046A      1.792575  
    1047A      1.795893  1048A      1.800710  1049A      1.804197  
    1050A      1.806004  1051A      1.806936  1052A      1.809985  
    1053A      1.817357  1054A      1.820214  1055A      1.821293  
    1056A      1.825243  1057A      1.830615  1058A      1.832884  
    1059A      1.836775  1060A      1.840894  1061A      1.844998  
    1062A      1.850810  1063A      1.855436  1064A      1.857259  
    1065A      1.859822  1066A      1.863872  1067A      1.864893  
    1068A      1.868980  1069A      1.870026  1070A      1.877981  
    1071A      1.878605  1072A      1.880748  1073A      1.882351  
    1074A      1.887114  1075A      1.889208  1076A      1.892795  
    1077A      1.895981  1078A      1.898863  1079A      1.902960  
    1080A      1.904939  1081A      1.909338  1082A      1.912751  
    1083A      1.915065  1084A      1.917818  1085A      1.919275  
    1086A      1.924958  1087A      1.927188  1088A      1.930291  
    1089A      1.935508  1090A      1.939914  1091A      1.942074  
    1092A      1.943807  1093A      1.946624  1094A      1.950278  
    1095A      1.950623  1096A      1.956569  1097A      1.958659  
    1098A      1.967081  1099A      1.968993  1100A      1.971626  
    1101A      1.976711  1102A      1.978946  1103A      1.980211  
    1104A      1.982849  1105A      1.986175  1106A      1.992122  
    1107A      1.992625  1108A      1.995759  1109A      1.996483  
    1110A      1.998832  1111A      2.000139  1112A      2.003216  
    1113A      2.008279  1114A      2.010005  1115A      2.010677  
    1116A      2.014240  1117A      2.018766  1118A      2.020452  
    1119A      2.024722  1120A      2.026530  1121A      2.028641  
    1122A      2.030406  1123A      2.031706  1124A      2.035947  
    1125A      2.039024  1126A      2.041475  1127A      2.043948  
    1128A      2.045865  1129A      2.049594  1130A      2.050100  
    1131A      2.052775  1132A      2.062302  1133A      2.064481  
    1134A      2.066161  1135A      2.069041  1136A      2.069403  
    1137A      2.074179  1138A      2.074829  1139A      2.078356  
    1140A      2.079251  1141A      2.083562  1142A      2.085076  
    1143A      2.089699  1144A      2.094889  1145A      2.096188  
    1146A      2.103137  1147A      2.106169  1148A      2.106358  
    1149A      2.112297  1150A      2.114739  1151A      2.118624  
    1152A      2.119654  1153A      2.123956  1154A      2.129923  
    1155A      2.132103  1156A      2.134251  1157A      2.137329  
    1158A      2.141167  1159A      2.143725  1160A      2.148692  
    1161A      2.151869  1162A      2.153120  1163A      2.158466  
    1164A      2.159108  1165A      2.160741  1166A      2.163183  
    1167A      2.165082  1168A      2.167822  1169A      2.170879  
    1170A      2.172923  1171A      2.175365  1172A      2.177994  
    1173A      2.179809  1174A      2.181157  1175A      2.184131  
    1176A      2.187924  1177A      2.191210  1178A      2.193542  
    1179A      2.195895  1180A      2.198903  1181A      2.202516  
    1182A      2.204052  1183A      2.206934  1184A      2.211276  
    1185A      2.215156  1186A      2.217008  1187A      2.218350  
    1188A      2.222038  1189A      2.224634  1190A      2.228892  
    1191A      2.229831  1192A      2.234643  1193A      2.235777  
    1194A      2.239416  1195A      2.240673  1196A      2.247448  
    1197A      2.251732  1198A      2.255095  1199A      2.259156  
    1200A      2.262178  1201A      2.264199  1202A      2.265970  
    1203A      2.268035  1204A      2.271520  1205A      2.275660  
    1206A      2.279729  1207A      2.282821  1208A      2.283255  
    1209A      2.290512  1210A      2.292150  1211A      2.293994  
    1212A      2.297139  1213A      2.299032  1214A      2.303758  
    1215A      2.306987  1216A      2.310168  1217A      2.311985  
    1218A      2.317507  1219A      2.319907  1220A      2.322791  
    1221A      2.327056  1222A      2.328284  1223A      2.329281  
    1224A      2.338128  1225A      2.341497  1226A      2.346201  
    1227A      2.346342  1228A      2.349673  1229A      2.353578  
    1230A      2.360307  1231A      2.364937  1232A      2.368611  
    1233A      2.376589  1234A      2.379566  1235A      2.383342  
    1236A      2.383958  1237A      2.395061  1238A      2.396307  
    1239A      2.398615  1240A      2.403441  1241A      2.403858  
    1242A      2.405295  1243A      2.413434  1244A      2.418691  
    1245A      2.423807  1246A      2.426649  1247A      2.427775  
    1248A      2.430468  1249A      2.431575  1250A      2.435135  
    1251A      2.442942  1252A      2.445986  1253A      2.451024  
    1254A      2.453772  1255A      2.454211  1256A      2.460209  
    1257A      2.465052  1258A      2.466111  1259A      2.472568  
    1260A      2.477277  1261A      2.485716  1262A      2.486064  
    1263A      2.488958  1264A      2.494088  1265A      2.494336  
    1266A      2.496588  1267A      2.500281  1268A      2.503471  
    1269A      2.511247  1270A      2.518589  1271A      2.522865  
    1272A      2.534671  1273A      2.539491  1274A      2.542340  
    1275A      2.546105  1276A      2.547744  1277A      2.549361  
    1278A      2.552800  1279A      2.555757  1280A      2.560993  
    1281A      2.561474  1282A      2.568126  1283A      2.570840  
    1284A      2.571920  1285A      2.575139  1286A      2.578728  
    1287A      2.580766  1288A      2.584584  1289A      2.591122  
    1290A      2.593733  1291A      2.597175  1292A      2.602018  
    1293A      2.606678  1294A      2.612872  1295A      2.619522  
    1296A      2.622645  1297A      2.631048  1298A      2.633960  
    1299A      2.636717  1300A      2.642445  1301A      2.645750  
    1302A      2.647302  1303A      2.651825  1304A      2.655837  
    1305A      2.656792  1306A      2.661317  1307A      2.664716  
    1308A      2.670513  1309A      2.676959  1310A      2.682228  
    1311A      2.686521  1312A      2.691583  1313A      2.698277  
    1314A      2.700488  1315A      2.707588  1316A      2.709110  
    1317A      2.719001  1318A      2.721022  1319A      2.724137  
    1320A      2.726934  1321A      2.734281  1322A      2.737033  
    1323A      2.741941  1324A      2.743423  1325A      2.746716  
    1326A      2.751257  1327A      2.755679  1328A      2.762431  
    1329A      2.765892  1330A      2.774346  1331A      2.778832  
    1332A      2.781926  1333A      2.793698  1334A      2.800513  
    1335A      2.801883  1336A      2.808279  1337A      2.814215  
    1338A      2.816840  1339A      2.826863  1340A      2.828771  
    1341A      2.845825  1342A      2.856143  1343A      2.862863  
    1344A      2.887296  1345A      2.889733  1346A      2.905726  
    1347A      2.908547  1348A      2.910957  1349A      2.919705  
    1350A      2.922669  1351A      2.931551  1352A      2.935385  
    1353A      2.939800  1354A      2.940918  1355A      2.943710  
    1356A      2.948651  1357A      2.961796  1358A      2.963150  
    1359A      2.968646  1360A      2.970213  1361A      2.980214  
    1362A      2.992067  1363A      2.999350  1364A      3.008030  
    1365A      3.009281  1366A      3.015787  1367A      3.016432  
    1368A      3.024963  1369A      3.025882  1370A      3.029998  
    1371A      3.031394  1372A      3.040464  1373A      3.048426  
    1374A      3.049619  1375A      3.053899  1376A      3.062767  
    1377A      3.070106  1378A      3.071152  1379A      3.074563  
    1380A      3.080500  1381A      3.093066  1382A      3.108216  
    1383A      3.109904  1384A      3.114433  1385A      3.119259  
    1386A      3.120537  1387A      3.120976  1388A      3.122535  
    1389A      3.125483  1390A      3.127434  1391A      3.135889  
    1392A      3.137080  1393A      3.142443  1394A      3.150225  
    1395A      3.152104  1396A      3.153457  1397A      3.155934  
    1398A      3.157501  1399A      3.161799  1400A      3.164675  
    1401A      3.171865  1402A      3.178879  1403A      3.187935  
    1404A      3.190651  1405A      3.193049  1406A      3.194297  
    1407A      3.197203  1408A      3.199118  1409A      3.206457  
    1410A      3.211117  1411A      3.212416  1412A      3.214902  
    1413A      3.215722  1414A      3.225002  1415A      3.229260  
    1416A      3.231738  1417A      3.232810  1418A      3.235000  
    1419A      3.242489  1420A      3.253619  1421A      3.255466  
    1422A      3.258484  1423A      3.266732  1424A      3.269203  
    1425A      3.277855  1426A      3.291119  1427A      3.291560  
    1428A      3.304495  1429A      3.307328  1430A      3.315202  
    1431A      3.318138  1432A      3.324237  1433A      3.327024  
    1434A      3.329022  1435A      3.342908  1436A      3.348310  
    1437A      3.351684  1438A      3.353929  1439A      3.365282  
    1440A      3.378229  1441A      3.381223  1442A      3.393363  
    1443A      3.401562  1444A      3.404086  1445A      3.414579  
    1446A      3.425604  1447A      3.430008  1448A      3.444434  
    1449A      3.445278  1450A      3.469352  1451A      3.476717  
    1452A      3.488667  1453A      3.492440  1454A      3.521980  
    1455A      3.554178  1456A      3.564540  1457A      3.604358  
    1458A      3.619145  1459A      3.679844  1460A      3.705948  
    1461A      3.709174  1462A      3.727624  1463A      3.748656  
    1464A      3.765452  1465A      3.952729  1466A      3.958077  
    1467A      3.975104  1468A      3.988978  

    Final Occupation by Irrep:
              A 
    DOCC [   200 ]

  @DF-RKS Final Energy: -3019.89441261227557

   => Energetics <=

    Nuclear Repulsion Energy =           6871.3575651596620446
    One-Electron Energy =              -17830.6314160436122620
    Two-Electron Energy =                8242.1178198285724648
    DFT Exchange-Correlation Energy =    -302.7383815568975933
    Empirical Dispersion Energy =           0.0000000000000000
    VV10 Nonlocal Energy =                  0.0000000000000000
    Total Energy =                      -3019.8944126122751186

Computation Completed


Properties will be evaluated at   0.000000,   0.000000,   0.000000 [a0]

Properties computed using the SCF density matrix


 Multipole Moments:

 ------------------------------------------------------------------------------------
     Multipole            Electronic (a.u.)      Nuclear  (a.u.)        Total (a.u.)
 ------------------------------------------------------------------------------------

 L = 1.  Multiply by 2.5417464519 to convert [e a0] to [Debye]
 Dipole X            :     -26061.9725061        25990.9575883          -71.0149179
 Dipole Y            :     -25146.0478664        25075.1158577          -70.9320088
 Dipole Z            :     -71983.4337404        71785.6939430         -197.7397975
 Magnitude           :                                                  221.7554868

 ------------------------------------------------------------------------------------

*** tstop() called on toko01.uncu.edu.ar at Thu Jan  5 12:34:35 2023
Module time:
	user time   =   85189.35 seconds =    1419.82 minutes
	system time =    1463.48 seconds =      24.39 minutes
	total time  =       3382 seconds =      56.37 minutes
Total time:
	user time   = 2599558.76 seconds =   43325.98 minutes
	system time =   24640.81 seconds =     410.68 minutes
	total time  =      88690 seconds =    1478.17 minutes
